#
# There is insufficient memory for the Java Runtime Environment to continue.
# Native memory allocation (mmap) failed to map 1073741824 bytes. Error detail: G1 virtual space
# Possible reasons:
#   The system is out of physical RAM or swap space
#   This process is running with CompressedOops enabled, and the Java Heap may be blocking the growth of the native heap
# Possible solutions:
#   Reduce memory load on the system
#   Increase physical memory or swap space
#   Check if swap backing store is full
#   Decrease Java heap size (-Xmx/-Xms)
#   Decrease number of Java threads
#   Decrease Java thread stack sizes (-Xss)
#   Set larger code cache with -XX:ReservedCodeCacheSize=
#   JVM is running with Zero Based Compressed Oops mode in which the Java heap is
#     placed in the first 32GB address space. The Java Heap base address is the
#     maximum limit for the native heap growth. Please use -XX:HeapBaseMinAddress
#     to set the Java Heap base and to place the Java Heap above 32GB virtual address.
# This output file may be truncated or incomplete.
#
#  Out of Memory Error (os_windows.cpp:3714), pid=45840, tid=29628
#
# JRE version:  (21.0.10+7) (build )
# Java VM: OpenJDK 64-Bit Server VM (21.0.10+7-LTS, mixed mode, sharing, tiered, compressed oops, compressed class ptrs, g1 gc, windows-amd64)
# No core dump will be written. Minidumps are not enabled by default on client versions of Windows
#

---------------  S U M M A R Y ------------

Command Line: -Dclassworlds.conf=C:\Users\sfoun\AppData\Roaming\JetBrains\IdeaIC2025.2\plugins\maven\lib\maven3\bin\m2.conf -Dmaven.home=C:\Users\sfoun\AppData\Roaming\JetBrains\IdeaIC2025.2\plugins\maven\lib\maven3 -Dlibrary.jansi.path=C:\Users\sfoun\AppData\Roaming\JetBrains\IdeaIC2025.2\plugins\maven\lib\maven3\lib\jansi-native -Dmaven.multiModuleProjectDirectory=D:\c drive new desktop\sonix shit\ArrowAntiCheat org.codehaus.plexus.classworlds.launcher.Launcher -Didea.version=2025.2.6.1 -Dmaven.ext.class.path=C:\Users\sfoun\AppData\Roaming\JetBrains\IdeaIC2025.2\plugins\maven\lib\maven-event-listener.jar -Djansi.passthrough=true -Dstyle.color=always -Dmaven.repo.local=C:\Users\sfoun\.m2\repository package -f pom.xml

Host: AMD Ryzen 7 5700X3D 8-Core Processor           , 16 cores, 63G,  Windows 11 , 64 bit Build 26100 (10.0.26100.4484)
Time: Sat Apr 25 01:15:05 2026 GTB Daylight Time elapsed time: 2.046736 seconds (0d 0h 0m 2s)

---------------  T H R E A D  ---------------

Current thread (0x000001f5523a2180):  JavaThread "Unknown thread" [_thread_in_vm, id=29628, stack(0x0000002b5b700000,0x0000002b5b800000) (1024K)]

Stack: [0x0000002b5b700000,0x0000002b5b800000]
Native frames: (J=compiled Java code, j=interpreted, Vv=VM code, C=native code)
V  [jvm.dll+0x6df2b9]
V  [jvm.dll+0x8bbdeb]
V  [jvm.dll+0x8be37a]
V  [jvm.dll+0x8bea53]
V  [jvm.dll+0x28a7a6]
V  [jvm.dll+0x6dbc15]
V  [jvm.dll+0x6cfbca]
V  [jvm.dll+0x364f6e]
V  [jvm.dll+0x36ce3b]
V  [jvm.dll+0x3be8d9]
V  [jvm.dll+0x3beb7b]
V  [jvm.dll+0x339137]
V  [jvm.dll+0x339c7b]
V  [jvm.dll+0x88634e]
V  [jvm.dll+0x3cb831]
V  [jvm.dll+0x86f25c]
V  [jvm.dll+0x45e901]
V  [jvm.dll+0x460541]
C  [jli.dll+0x52f0]
C  [ucrtbase.dll+0x37b0]
C  [KERNEL32.DLL+0x2e8d7]
C  [ntdll.dll+0x3c34c]


---------------  P R O C E S S  ---------------

Threads class SMR info:
_java_thread_list=0x00007fff8c222208, length=0, elements={
}

Java Threads: ( => current thread )
Total: 0

Other Threads:
  0x000001f554765d60 WorkerThread "GC Thread#0"                     [id=63492, stack(0x0000002b5b800000,0x0000002b5b900000) (1024K)]
  0x000001f554776c20 ConcurrentGCThread "G1 Main Marker"            [id=23760, stack(0x0000002b5b900000,0x0000002b5ba00000) (1024K)]
  0x000001f554777640 WorkerThread "G1 Conc#0"                       [id=9412, stack(0x0000002b5ba00000,0x0000002b5bb00000) (1024K)]

[error occurred during error reporting (printing all threads), id 0xc0000005, EXCEPTION_ACCESS_VIOLATION (0xc0000005) at pc=0x00007fff8b91bbb7]
VM state: not at safepoint (not fully initialized)

VM Mutex/Monitor currently owned by a thread:  ([mutex/lock_event])
[0x00007fff8c2966b0] Heap_lock - owner thread: 0x000001f5523a2180

Heap address: 0x0000000401000000, size: 16368 MB, Compressed Oops mode: Zero based, Oop shift amount: 3

CDS archive(s) mapped at: [0x0000000000000000-0x0000000000000000-0x0000000000000000), size 0, SharedBaseAddress: 0x0000000800000000, ArchiveRelocationMode: 1.
Narrow klass base: 0x0000000000000000, Narrow klass shift: 0, Narrow klass range: 0x0

GC Precious Log:
 CardTable entry size: 512
 Card Set container configuration: InlinePtr #cards 4 size 8 Array Of Cards #cards 64 size 144 Howl #buckets 8 coarsen threshold 14745 Howl Bitmap #cards 2048 size 272 coarsen threshold 1843 Card regions per heap region 1 cards per card region 16384

Heap:
 garbage-first heap   total 0K, used 0K [0x0000000401000000, 0x0000000800000000)
  region size 8192K, 0 young (0K), 0 survivors (0K)

[error occurred during error reporting (printing heap information), id 0xc0000005, EXCEPTION_ACCESS_VIOLATION (0xc0000005) at pc=0x00007fff8bd09019]
GC Heap History (0 events):
No events

Dll operation events (1 events):
Event: 0.016 Loaded shared library C:\Users\sfoun\.jdks\corretto-21.0.10\bin\java.dll

Deoptimization events (0 events):
No events

Classes loaded (0 events):
No events

Classes unloaded (0 events):
No events

Classes redefined (0 events):
No events

Internal exceptions (0 events):
No events

ZGC Phase Switch (0 events):
No events

VM Operations (0 events):
No events

Memory protections (0 events):
No events

Nmethod flushes (0 events):
No events

Events (0 events):
No events


Dynamic libraries:
0x00007ff6a0380000 - 0x00007ff6a038e000 	C:\Users\sfoun\.jdks\corretto-21.0.10\bin\java.exe
0x00007ffff5840000 - 0x00007ffff5aa8000 	C:\WINDOWS\SYSTEM32\ntdll.dll
0x00007ffff4810000 - 0x00007ffff48d9000 	C:\WINDOWS\System32\KERNEL32.DLL
0x00007ffff2d00000 - 0x00007ffff30ed000 	C:\WINDOWS\System32\KERNELBASE.dll
0x00007ffff3270000 - 0x00007ffff33bb000 	C:\WINDOWS\System32\ucrtbase.dll
0x00007fffd9ff0000 - 0x00007fffda008000 	C:\Users\sfoun\.jdks\corretto-21.0.10\bin\jli.dll
0x00007ffff4640000 - 0x00007ffff480c000 	C:\WINDOWS\System32\USER32.dll
0x00007fffd3ec0000 - 0x00007fffd3ede000 	C:\Users\sfoun\.jdks\corretto-21.0.10\bin\VCRUNTIME140.dll
0x00007ffff3180000 - 0x00007ffff31a7000 	C:\WINDOWS\System32\win32u.dll
0x00007ffff35e0000 - 0x00007ffff360b000 	C:\WINDOWS\System32\GDI32.dll
0x00007ffff2bc0000 - 0x00007ffff2cf7000 	C:\WINDOWS\System32\gdi32full.dll
0x00007ffff2990000 - 0x00007ffff2a33000 	C:\WINDOWS\System32\msvcp_win.dll
0x00007fffc4fb0000 - 0x00007fffc524a000 	C:\WINDOWS\WinSxS\amd64_microsoft.windows.common-controls_6595b64144ccf1df_6.0.26100.4484_none_3e0e6d4ce32ef3b3\COMCTL32.dll
0x00007ffff48e0000 - 0x00007ffff4989000 	C:\WINDOWS\System32\msvcrt.dll
0x00007ffff3f30000 - 0x00007ffff3f5f000 	C:\WINDOWS\System32\IMM32.DLL
0x00007fffd0e70000 - 0x00007fffd0e7c000 	C:\Users\sfoun\.jdks\corretto-21.0.10\bin\vcruntime140_1.dll
0x00007fffc9950000 - 0x00007fffc99d9000 	C:\Users\sfoun\.jdks\corretto-21.0.10\bin\msvcp140.dll
0x00007fff8b5d0000 - 0x00007fff8c378000 	C:\Users\sfoun\.jdks\corretto-21.0.10\bin\server\jvm.dll
0x00007ffff5460000 - 0x00007ffff5514000 	C:\WINDOWS\System32\ADVAPI32.dll
0x00007ffff3e80000 - 0x00007ffff3f26000 	C:\WINDOWS\System32\sechost.dll
0x00007ffff4a90000 - 0x00007ffff4ba8000 	C:\WINDOWS\System32\RPCRT4.dll
0x00007ffff5270000 - 0x00007ffff52e4000 	C:\WINDOWS\System32\WS2_32.dll
0x00007ffff21f0000 - 0x00007ffff224e000 	C:\WINDOWS\SYSTEM32\POWRPROF.dll
0x00007fffe4fe0000 - 0x00007fffe5015000 	C:\WINDOWS\SYSTEM32\WINMM.dll
0x00007fffe01c0000 - 0x00007fffe01cb000 	C:\WINDOWS\SYSTEM32\VERSION.dll
0x00007ffff21d0000 - 0x00007ffff21e4000 	C:\WINDOWS\SYSTEM32\UMPDC.dll
0x00007ffff16f0000 - 0x00007ffff170b000 	C:\WINDOWS\SYSTEM32\kernel.appcore.dll
0x00007fffd0e60000 - 0x00007fffd0e6a000 	C:\Users\sfoun\.jdks\corretto-21.0.10\bin\jimage.dll
0x00007ffff0330000 - 0x00007ffff0571000 	C:\WINDOWS\SYSTEM32\DBGHELP.DLL
0x00007ffff3f80000 - 0x00007ffff4306000 	C:\WINDOWS\System32\combase.dll
0x00007ffff3610000 - 0x00007ffff36f0000 	C:\WINDOWS\System32\OLEAUT32.dll
0x00007fffdb370000 - 0x00007fffdb3b3000 	C:\WINDOWS\SYSTEM32\dbgcore.DLL
0x00007ffff3540000 - 0x00007ffff35d9000 	C:\WINDOWS\System32\bcryptPrimitives.dll
0x00007fffc9920000 - 0x00007fffc9941000 	C:\Users\sfoun\.jdks\corretto-21.0.10\bin\java.dll

JVMTI agents: none

dbghelp: loaded successfully - version: 4.0.5 - missing functions: none
symbol engine: initialized successfully - sym options: 0x614 - pdb path: .;C:\Users\sfoun\.jdks\corretto-21.0.10\bin;C:\WINDOWS\SYSTEM32;C:\WINDOWS\WinSxS\amd64_microsoft.windows.common-controls_6595b64144ccf1df_6.0.26100.4484_none_3e0e6d4ce32ef3b3;C:\Users\sfoun\.jdks\corretto-21.0.10\bin\server

VM Arguments:
jvm_args: -Dclassworlds.conf=C:\Users\sfoun\AppData\Roaming\JetBrains\IdeaIC2025.2\plugins\maven\lib\maven3\bin\m2.conf -Dmaven.home=C:\Users\sfoun\AppData\Roaming\JetBrains\IdeaIC2025.2\plugins\maven\lib\maven3 -Dlibrary.jansi.path=C:\Users\sfoun\AppData\Roaming\JetBrains\IdeaIC2025.2\plugins\maven\lib\maven3\lib\jansi-native -Dmaven.multiModuleProjectDirectory=D:\c drive new desktop\sonix shit\ArrowAntiCheat 
java_command: org.codehaus.plexus.classworlds.launcher.Launcher -Didea.version=2025.2.6.1 -Dmaven.ext.class.path=C:\Users\sfoun\AppData\Roaming\JetBrains\IdeaIC2025.2\plugins\maven\lib\maven-event-listener.jar -Djansi.passthrough=true -Dstyle.color=always -Dmaven.repo.local=C:\Users\sfoun\.m2\repository package -f pom.xml
java_class_path (initial): C:\Users\sfoun\AppData\Roaming\JetBrains\IdeaIC2025.2\plugins\maven\lib\maven3\boot\plexus-classworlds-2.8.0.jar
Launcher Type: SUN_STANDARD

[Global flags]
     intx CICompilerCount                          = 12                                        {product} {ergonomic}
     uint ConcGCThreads                            = 3                                         {product} {ergonomic}
     uint G1ConcRefinementThreads                  = 13                                        {product} {ergonomic}
   size_t G1HeapRegionSize                         = 8388608                                   {product} {ergonomic}
    uintx GCDrainStackTargetSize                   = 64                                        {product} {ergonomic}
   size_t InitialHeapSize                          = 1073741824                                {product} {ergonomic}
   size_t MarkStackSize                            = 4194304                                   {product} {ergonomic}
   size_t MaxHeapSize                              = 17163091968                               {product} {ergonomic}
   size_t MinHeapDeltaBytes                        = 8388608                                   {product} {ergonomic}
   size_t MinHeapSize                              = 8388608                                   {product} {ergonomic}
    uintx NonNMethodCodeHeapSize                   = 7602480                                {pd product} {ergonomic}
    uintx NonProfiledCodeHeapSize                  = 122027880                              {pd product} {ergonomic}
    uintx ProfiledCodeHeapSize                     = 122027880                              {pd product} {ergonomic}
    uintx ReservedCodeCacheSize                    = 251658240                              {pd product} {ergonomic}
     bool SegmentedCodeCache                       = true                                      {product} {ergonomic}
   size_t SoftMaxHeapSize                          = 17163091968                            {manageable} {ergonomic}
     bool UseCompressedOops                        = true                           {product lp64_product} {ergonomic}
     bool UseG1GC                                  = true                                      {product} {ergonomic}
     bool UseLargePagesIndividualAllocation        = false                                  {pd product} {ergonomic}

Logging:
Log output configuration:
 #0: stdout all=warning uptime,level,tags foldmultilines=false
 #1: stderr all=off uptime,level,tags foldmultilines=false

Release file:
<release file has not been read>
Environment Variables:
JAVA_HOME=C:\Users\sfoun\.jdks\corretto-21.0.10
PATH=C:\Program Files\PowerShell\7;C:\Python313\Scripts\;C:\Python313\;C:\Program Files\Common Files\Oracle\Java\javapath;C:\Program Files (x86)\Common Files\Oracle\Java\java8path;C:\Program Files (x86)\Common Files\Oracle\Java\javapath;C:\WINDOWS\system32;C:\WINDOWS;C:\WINDOWS\System32\Wbem;C:\WINDOWS\system32\windowspowershell\v1.0\;c:\program files\playit_gg\bin\;C:\Program Files\dotnet\;C:\ProgramData\chocolatey\bin;C:\WINDOWS\System32\OpenSSH\;C:\Users\sfoun\AppData\Local\Microsoft\WindowsApps;C:\Users\sfoun\AppData\Local\Programs\Microsoft VS Code\bin;C:\Users\sfoun\.dotnet\tools;C:\Users\sfoun\AppData\Roaming\npm;C:\Users\sfoun\Desktop\vim;C:\Program Files\PowerShell\7\;C:\Program Files\Git\cmd;C:\Program Files\nodejs\;C:\Program Files (x86)\Windows Kits\10\Windows Performance Toolkit\;C:\Program Files\Cloudflare\Cloudflare WARP\;C:\Program Files\Mullvad VPN\resources;C:\Program Files\AntiMicroX\bin;C:\Users\sfoun\AppData\Local\Programs\Python\Python311\Scripts\;C:\Users\sfoun\AppData\Local\Programs\Python\Python311\;C:\Users\sfoun\AppData\Local\Microsoft\WindowsApps;C:\Users\sfoun\AppData\Local\Programs\Microsoft VS Code\bin;C:\Users\sfoun\AppData\Roaming\npm;C:\Users\sfoun\.dotnet\tools;C:\Users\sfoun\Desktop\arrow website\cloudflare;
USERNAME=PC
OS=Windows_NT
PROCESSOR_IDENTIFIER=AMD64 Family 25 Model 33 Stepping 2, AuthenticAMD
TMP=C:\Users\sfoun\AppData\Local\Temp
TEMP=C:\Users\sfoun\AppData\Local\Temp




Periodic native trim disabled

---------------  S Y S T E M  ---------------

OS:
 Windows 11 , 64 bit Build 26100 (10.0.26100.4484)
OS uptime: 4 days 7:28 hours
Hyper-V role detected

CPU: total 16 (initial active 16) (16 cores per cpu, 2 threads per core) family 25 model 33 stepping 2 microcode 0xa201213, cx8, cmov, fxsr, ht, mmx, 3dnowpref, sse, sse2, sse3, ssse3, sse4a, sse4.1, sse4.2, popcnt, lzcnt, tsc, tscinvbit, avx, avx2, aes, clmul, bmi1, bmi2, adx, sha, fma, vzeroupper, clflush, clflushopt, hv, rdtscp, rdpid, f16c, cet_ss
Processor Information for the first 16 processors :
  Max Mhz: 3001, Current Mhz: 3001, Mhz Limit: 3001

Memory: 4k page, system-wide physical 65460M (28653M free)
TotalPageFile size 65460M (AvailPageFile size 89M)
current process WorkingSet (physical memory assigned to process): 13M, peak: 13M
current process commit charge ("private bytes"): 71M, peak: 1095M

vm_info: OpenJDK 64-Bit Server VM (21.0.10+7-LTS) for windows-amd64 JRE (21.0.10+7-LTS), built on 2026-01-15T22:13:46Z by "Administrator" with MS VC++ 17.14 (VS2022)

END.
